{"D:\\Nydloyd\\Projects\\event-organizing-application\\event-organizing-server\\src\\prisma.js": {"path":"D:\\Nydloyd\\Projects\\event-organizing-application\\event-organizing-server\\src\\prisma.js","statementMap":{"0":{"start":{"line":1,"column":25},"end":{"line":1,"column":50}},"1":{"start":{"line":3,"column":15},"end":{"line":3,"column":33}},"2":{"start":{"line":5,"column":0},"end":{"line":5,"column":24}}},"fnMap":{},"branchMap":{},"s":{"0":0,"1":0,"2":0},"f":{},"b":{}}
,"D:\\Nydloyd\\Projects\\event-organizing-application\\event-organizing-server\\src\\controller\\eventController.js": {"path":"D:\\Nydloyd\\Projects\\event-organizing-application\\event-organizing-server\\src\\controller\\eventController.js","statementMap":{"0":{"start":{"line":1,"column":15},"end":{"line":1,"column":35}},"1":{"start":{"line":3,"column":20},"end":{"line":26,"column":1}},"2":{"start":{"line":4,"column":2},"end":{"line":25,"column":3}},"3":{"start":{"line":5,"column":51},"end":{"line":5,"column":59}},"4":{"start":{"line":6,"column":4},"end":{"line":6,"column":58}},"5":{"start":{"line":7,"column":18},"end":{"line":14,"column":6}},"6":{"start":{"line":15,"column":4},"end":{"line":15,"column":52}},"7":{"start":{"line":17,"column":4},"end":{"line":20,"column":7}},"8":{"start":{"line":22,"column":4},"end":{"line":24,"column":7}},"9":{"start":{"line":28,"column":18},"end":{"line":37,"column":1}},"10":{"start":{"line":29,"column":2},"end":{"line":36,"column":3}},"11":{"start":{"line":30,"column":19},"end":{"line":30,"column":48}},"12":{"start":{"line":31,"column":4},"end":{"line":31,"column":21}},"13":{"start":{"line":33,"column":4},"end":{"line":35,"column":7}},"14":{"start":{"line":39,"column":23},"end":{"line":53,"column":1}},"15":{"start":{"line":40,"column":2},"end":{"line":52,"column":3}},"16":{"start":{"line":41,"column":19},"end":{"line":41,"column":29}},"17":{"start":{"line":42,"column":19},"end":{"line":46,"column":6}},"18":{"start":{"line":47,"column":4},"end":{"line":47,"column":21}},"19":{"start":{"line":49,"column":4},"end":{"line":51,"column":7}},"20":{"start":{"line":55,"column":20},"end":{"line":77,"column":1}},"21":{"start":{"line":56,"column":2},"end":{"line":76,"column":3}},"22":{"start":{"line":57,"column":19},"end":{"line":57,"column":29}},"23":{"start":{"line":58,"column":51},"end":{"line":58,"column":59}},"24":{"start":{"line":59,"column":18},"end":{"line":67,"column":6}},"25":{"start":{"line":68,"column":4},"end":{"line":71,"column":7}},"26":{"start":{"line":73,"column":4},"end":{"line":75,"column":7}},"27":{"start":{"line":79,"column":20},"end":{"line":93,"column":1}},"28":{"start":{"line":80,"column":2},"end":{"line":92,"column":3}},"29":{"start":{"line":81,"column":19},"end":{"line":81,"column":29}},"30":{"start":{"line":82,"column":4},"end":{"line":84,"column":7}},"31":{"start":{"line":85,"column":4},"end":{"line":87,"column":7}},"32":{"start":{"line":89,"column":4},"end":{"line":91,"column":7}},"33":{"start":{"line":95,"column":0},"end":{"line":101,"column":2}}},"fnMap":{"0":{"name":"(anonymous_0)","decl":{"start":{"line":3,"column":20},"end":{"line":3,"column":21}},"loc":{"start":{"line":3,"column":40},"end":{"line":26,"column":1}},"line":3},"1":{"name":"(anonymous_1)","decl":{"start":{"line":28,"column":18},"end":{"line":28,"column":19}},"loc":{"start":{"line":28,"column":38},"end":{"line":37,"column":1}},"line":28},"2":{"name":"(anonymous_2)","decl":{"start":{"line":39,"column":23},"end":{"line":39,"column":24}},"loc":{"start":{"line":39,"column":43},"end":{"line":53,"column":1}},"line":39},"3":{"name":"(anonymous_3)","decl":{"start":{"line":55,"column":20},"end":{"line":55,"column":21}},"loc":{"start":{"line":55,"column":40},"end":{"line":77,"column":1}},"line":55},"4":{"name":"(anonymous_4)","decl":{"start":{"line":79,"column":20},"end":{"line":79,"column":21}},"loc":{"start":{"line":79,"column":40},"end":{"line":93,"column":1}},"line":79}},"branchMap":{},"s":{"0":1,"1":1,"2":2,"3":2,"4":2,"5":2,"6":1,"7":1,"8":1,"9":1,"10":2,"11":2,"12":1,"13":1,"14":1,"15":2,"16":2,"17":2,"18":1,"19":1,"20":1,"21":2,"22":2,"23":2,"24":2,"25":1,"26":1,"27":1,"28":2,"29":2,"30":2,"31":1,"32":1,"33":1},"f":{"0":2,"1":2,"2":2,"3":2,"4":2},"b":{},"_coverageSchema":"1a1c01bbd47fc00a2c39e90264f33305004495a9","hash":"68dc22f5c4bfdd877a4cb281fff9f1c7c54b2571"}
,"D:\\Nydloyd\\Projects\\event-organizing-application\\event-organizing-server\\src\\controller\\guestController.js": {"path":"D:\\Nydloyd\\Projects\\event-organizing-application\\event-organizing-server\\src\\controller\\guestController.js","statementMap":{"0":{"start":{"line":1,"column":15},"end":{"line":1,"column":35}},"1":{"start":{"line":3,"column":17},"end":{"line":25,"column":1}},"2":{"start":{"line":4,"column":2},"end":{"line":24,"column":3}},"3":{"start":{"line":5,"column":37},"end":{"line":5,"column":45}},"4":{"start":{"line":6,"column":4},"end":{"line":6,"column":55}},"5":{"start":{"line":8,"column":18},"end":{"line":14,"column":6}},"6":{"start":{"line":16,"column":4},"end":{"line":19,"column":7}},"7":{"start":{"line":21,"column":4},"end":{"line":23,"column":7}},"8":{"start":{"line":27,"column":25},"end":{"line":45,"column":1}},"9":{"start":{"line":28,"column":2},"end":{"line":44,"column":3}},"10":{"start":{"line":29,"column":24},"end":{"line":29,"column":34}},"11":{"start":{"line":30,"column":19},"end":{"line":34,"column":6}},"12":{"start":{"line":36,"column":4},"end":{"line":39,"column":7}},"13":{"start":{"line":41,"column":4},"end":{"line":43,"column":7}},"14":{"start":{"line":47,"column":20},"end":{"line":64,"column":1}},"15":{"start":{"line":48,"column":2},"end":{"line":63,"column":3}},"16":{"start":{"line":49,"column":19},"end":{"line":49,"column":29}},"17":{"start":{"line":50,"column":27},"end":{"line":50,"column":35}},"18":{"start":{"line":51,"column":18},"end":{"line":54,"column":6}},"19":{"start":{"line":55,"column":4},"end":{"line":58,"column":7}},"20":{"start":{"line":60,"column":4},"end":{"line":62,"column":7}},"21":{"start":{"line":66,"column":20},"end":{"line":80,"column":1}},"22":{"start":{"line":67,"column":2},"end":{"line":79,"column":3}},"23":{"start":{"line":68,"column":19},"end":{"line":68,"column":29}},"24":{"start":{"line":69,"column":4},"end":{"line":71,"column":7}},"25":{"start":{"line":72,"column":4},"end":{"line":74,"column":7}},"26":{"start":{"line":76,"column":4},"end":{"line":78,"column":7}},"27":{"start":{"line":82,"column":0},"end":{"line":87,"column":2}}},"fnMap":{"0":{"name":"(anonymous_0)","decl":{"start":{"line":3,"column":17},"end":{"line":3,"column":18}},"loc":{"start":{"line":3,"column":37},"end":{"line":25,"column":1}},"line":3},"1":{"name":"(anonymous_1)","decl":{"start":{"line":27,"column":25},"end":{"line":27,"column":26}},"loc":{"start":{"line":27,"column":45},"end":{"line":45,"column":1}},"line":27},"2":{"name":"(anonymous_2)","decl":{"start":{"line":47,"column":20},"end":{"line":47,"column":21}},"loc":{"start":{"line":47,"column":40},"end":{"line":64,"column":1}},"line":47},"3":{"name":"(anonymous_3)","decl":{"start":{"line":66,"column":20},"end":{"line":66,"column":21}},"loc":{"start":{"line":66,"column":40},"end":{"line":80,"column":1}},"line":66}},"branchMap":{},"s":{"0":1,"1":1,"2":2,"3":2,"4":2,"5":2,"6":1,"7":1,"8":1,"9":3,"10":3,"11":3,"12":2,"13":1,"14":1,"15":2,"16":2,"17":2,"18":2,"19":1,"20":1,"21":1,"22":2,"23":2,"24":2,"25":1,"26":1,"27":1},"f":{"0":2,"1":3,"2":2,"3":2},"b":{},"_coverageSchema":"1a1c01bbd47fc00a2c39e90264f33305004495a9","hash":"7d8195f8c4e3a875c7cccae99034a6d487b90e36"}
,"D:\\Nydloyd\\Projects\\event-organizing-application\\event-organizing-server\\src\\controller\\hostController.js": {"path":"D:\\Nydloyd\\Projects\\event-organizing-application\\event-organizing-server\\src\\controller\\hostController.js","statementMap":{"0":{"start":{"line":1,"column":15},"end":{"line":1,"column":35}},"1":{"start":{"line":3,"column":16},"end":{"line":37,"column":1}},"2":{"start":{"line":4,"column":2},"end":{"line":36,"column":3}},"3":{"start":{"line":5,"column":47},"end":{"line":5,"column":55}},"4":{"start":{"line":7,"column":25},"end":{"line":11,"column":6}},"5":{"start":{"line":13,"column":4},"end":{"line":17,"column":5}},"6":{"start":{"line":14,"column":6},"end":{"line":16,"column":9}},"7":{"start":{"line":19,"column":17},"end":{"line":25,"column":6}},"8":{"start":{"line":27,"column":4},"end":{"line":30,"column":7}},"9":{"start":{"line":32,"column":4},"end":{"line":35,"column":7}},"10":{"start":{"line":39,"column":17},"end":{"line":52,"column":1}},"11":{"start":{"line":40,"column":2},"end":{"line":51,"column":3}},"12":{"start":{"line":41,"column":18},"end":{"line":41,"column":46}},"13":{"start":{"line":42,"column":4},"end":{"line":45,"column":7}},"14":{"start":{"line":47,"column":4},"end":{"line":50,"column":7}},"15":{"start":{"line":54,"column":0},"end":{"line":57,"column":2}}},"fnMap":{"0":{"name":"(anonymous_0)","decl":{"start":{"line":3,"column":16},"end":{"line":3,"column":17}},"loc":{"start":{"line":3,"column":36},"end":{"line":37,"column":1}},"line":3},"1":{"name":"(anonymous_1)","decl":{"start":{"line":39,"column":17},"end":{"line":39,"column":18}},"loc":{"start":{"line":39,"column":37},"end":{"line":52,"column":1}},"line":39}},"branchMap":{"0":{"loc":{"start":{"line":13,"column":4},"end":{"line":17,"column":5}},"type":"if","locations":[{"start":{"line":13,"column":4},"end":{"line":17,"column":5}},{"start":{},"end":{}}],"line":13}},"s":{"0":1,"1":1,"2":3,"3":3,"4":3,"5":2,"6":1,"7":1,"8":1,"9":1,"10":1,"11":3,"12":3,"13":2,"14":1,"15":1},"f":{"0":3,"1":3},"b":{"0":[1,1]},"_coverageSchema":"1a1c01bbd47fc00a2c39e90264f33305004495a9","hash":"051e5c0288951e7c3c3f39e467544588676be0ac"}
,"D:\\Nydloyd\\Projects\\event-organizing-application\\event-organizing-server\\src\\controller\\manageEventController.js": {"path":"D:\\Nydloyd\\Projects\\event-organizing-application\\event-organizing-server\\src\\controller\\manageEventController.js","statementMap":{"0":{"start":{"line":1,"column":15},"end":{"line":1,"column":41}}},"fnMap":{},"branchMap":{},"s":{"0":0},"f":{},"b":{}}
,"D:\\Nydloyd\\Projects\\event-organizing-application\\event-organizing-server\\src\\controller\\taskController.js": {"path":"D:\\Nydloyd\\Projects\\event-organizing-application\\event-organizing-server\\src\\controller\\taskController.js","statementMap":{"0":{"start":{"line":1,"column":15},"end":{"line":1,"column":35}},"1":{"start":{"line":3,"column":19},"end":{"line":25,"column":1}},"2":{"start":{"line":4,"column":2},"end":{"line":24,"column":3}},"3":{"start":{"line":5,"column":44},"end":{"line":5,"column":52}},"4":{"start":{"line":7,"column":17},"end":{"line":14,"column":6}},"5":{"start":{"line":16,"column":4},"end":{"line":19,"column":7}},"6":{"start":{"line":21,"column":4},"end":{"line":23,"column":7}},"7":{"start":{"line":27,"column":23},"end":{"line":41,"column":1}},"8":{"start":{"line":28,"column":2},"end":{"line":40,"column":3}},"9":{"start":{"line":29,"column":19},"end":{"line":29,"column":29}},"10":{"start":{"line":30,"column":18},"end":{"line":34,"column":6}},"11":{"start":{"line":35,"column":4},"end":{"line":35,"column":20}},"12":{"start":{"line":37,"column":4},"end":{"line":39,"column":7}},"13":{"start":{"line":43,"column":25},"end":{"line":63,"column":1}},"14":{"start":{"line":44,"column":2},"end":{"line":62,"column":3}},"15":{"start":{"line":45,"column":19},"end":{"line":45,"column":29}},"16":{"start":{"line":46,"column":23},"end":{"line":46,"column":31}},"17":{"start":{"line":47,"column":4},"end":{"line":47,"column":58}},"18":{"start":{"line":48,"column":23},"end":{"line":53,"column":6}},"19":{"start":{"line":54,"column":4},"end":{"line":57,"column":7}},"20":{"start":{"line":59,"column":4},"end":{"line":61,"column":7}},"21":{"start":{"line":65,"column":19},"end":{"line":87,"column":1}},"22":{"start":{"line":66,"column":2},"end":{"line":86,"column":3}},"23":{"start":{"line":67,"column":19},"end":{"line":67,"column":29}},"24":{"start":{"line":68,"column":52},"end":{"line":68,"column":60}},"25":{"start":{"line":69,"column":17},"end":{"line":77,"column":6}},"26":{"start":{"line":78,"column":4},"end":{"line":81,"column":7}},"27":{"start":{"line":83,"column":4},"end":{"line":85,"column":7}},"28":{"start":{"line":89,"column":19},"end":{"line":104,"column":1}},"29":{"start":{"line":90,"column":2},"end":{"line":103,"column":3}},"30":{"start":{"line":91,"column":19},"end":{"line":91,"column":29}},"31":{"start":{"line":93,"column":4},"end":{"line":95,"column":7}},"32":{"start":{"line":96,"column":4},"end":{"line":98,"column":7}},"33":{"start":{"line":100,"column":4},"end":{"line":102,"column":7}},"34":{"start":{"line":106,"column":0},"end":{"line":112,"column":1}}},"fnMap":{"0":{"name":"(anonymous_0)","decl":{"start":{"line":3,"column":19},"end":{"line":3,"column":20}},"loc":{"start":{"line":3,"column":39},"end":{"line":25,"column":1}},"line":3},"1":{"name":"(anonymous_1)","decl":{"start":{"line":27,"column":23},"end":{"line":27,"column":24}},"loc":{"start":{"line":27,"column":43},"end":{"line":41,"column":1}},"line":27},"2":{"name":"(anonymous_2)","decl":{"start":{"line":43,"column":25},"end":{"line":43,"column":26}},"loc":{"start":{"line":43,"column":45},"end":{"line":63,"column":1}},"line":43},"3":{"name":"(anonymous_3)","decl":{"start":{"line":65,"column":19},"end":{"line":65,"column":20}},"loc":{"start":{"line":65,"column":39},"end":{"line":87,"column":1}},"line":65},"4":{"name":"(anonymous_4)","decl":{"start":{"line":89,"column":19},"end":{"line":89,"column":20}},"loc":{"start":{"line":89,"column":39},"end":{"line":104,"column":1}},"line":89}},"branchMap":{},"s":{"0":1,"1":1,"2":2,"3":2,"4":2,"5":1,"6":1,"7":1,"8":3,"9":3,"10":3,"11":2,"12":1,"13":1,"14":2,"15":2,"16":2,"17":2,"18":2,"19":1,"20":1,"21":1,"22":2,"23":2,"24":2,"25":2,"26":1,"27":1,"28":1,"29":2,"30":2,"31":2,"32":1,"33":1,"34":1},"f":{"0":2,"1":3,"2":2,"3":2,"4":2},"b":{},"_coverageSchema":"1a1c01bbd47fc00a2c39e90264f33305004495a9","hash":"97af3654675957305a98bbdb745008a3b9f5f25d"}
,"D:\\Nydloyd\\Projects\\event-organizing-application\\event-organizing-server\\src\\controller\\userController.js": {"path":"D:\\Nydloyd\\Projects\\event-organizing-application\\event-organizing-server\\src\\controller\\userController.js","statementMap":{"0":{"start":{"line":1,"column":15},"end":{"line":1,"column":35}},"1":{"start":{"line":2,"column":15},"end":{"line":2,"column":34}},"2":{"start":{"line":3,"column":12},"end":{"line":3,"column":35}},"3":{"start":{"line":5,"column":21},"end":{"line":38,"column":1}},"4":{"start":{"line":6,"column":2},"end":{"line":37,"column":3}},"5":{"start":{"line":7,"column":38},"end":{"line":7,"column":46}},"6":{"start":{"line":9,"column":25},"end":{"line":11,"column":6}},"7":{"start":{"line":13,"column":4},"end":{"line":17,"column":5}},"8":{"start":{"line":14,"column":6},"end":{"line":16,"column":9}},"9":{"start":{"line":19,"column":27},"end":{"line":19,"column":58}},"10":{"start":{"line":21,"column":17},"end":{"line":27,"column":6}},"11":{"start":{"line":29,"column":4},"end":{"line":32,"column":7}},"12":{"start":{"line":34,"column":4},"end":{"line":36,"column":7}},"13":{"start":{"line":42,"column":18},"end":{"line":86,"column":1}},"14":{"start":{"line":43,"column":2},"end":{"line":85,"column":3}},"15":{"start":{"line":44,"column":32},"end":{"line":44,"column":40}},"16":{"start":{"line":46,"column":17},"end":{"line":48,"column":6}},"17":{"start":{"line":50,"column":4},"end":{"line":54,"column":5}},"18":{"start":{"line":51,"column":6},"end":{"line":53,"column":9}},"19":{"start":{"line":56,"column":20},"end":{"line":56,"column":65}},"20":{"start":{"line":58,"column":4},"end":{"line":62,"column":5}},"21":{"start":{"line":59,"column":6},"end":{"line":61,"column":9}},"22":{"start":{"line":64,"column":18},"end":{"line":73,"column":5}},"23":{"start":{"line":75,"column":4},"end":{"line":80,"column":7}},"24":{"start":{"line":82,"column":4},"end":{"line":84,"column":7}},"25":{"start":{"line":88,"column":0},"end":{"line":91,"column":2}}},"fnMap":{"0":{"name":"(anonymous_0)","decl":{"start":{"line":5,"column":21},"end":{"line":5,"column":22}},"loc":{"start":{"line":5,"column":41},"end":{"line":38,"column":1}},"line":5},"1":{"name":"(anonymous_1)","decl":{"start":{"line":42,"column":18},"end":{"line":42,"column":19}},"loc":{"start":{"line":42,"column":38},"end":{"line":86,"column":1}},"line":42}},"branchMap":{"0":{"loc":{"start":{"line":13,"column":4},"end":{"line":17,"column":5}},"type":"if","locations":[{"start":{"line":13,"column":4},"end":{"line":17,"column":5}},{"start":{},"end":{}}],"line":13},"1":{"loc":{"start":{"line":50,"column":4},"end":{"line":54,"column":5}},"type":"if","locations":[{"start":{"line":50,"column":4},"end":{"line":54,"column":5}},{"start":{},"end":{}}],"line":50},"2":{"loc":{"start":{"line":58,"column":4},"end":{"line":62,"column":5}},"type":"if","locations":[{"start":{"line":58,"column":4},"end":{"line":62,"column":5}},{"start":{},"end":{}}],"line":58}},"s":{"0":1,"1":1,"2":1,"3":1,"4":3,"5":3,"6":3,"7":2,"8":1,"9":1,"10":1,"11":1,"12":1,"13":1,"14":4,"15":4,"16":4,"17":3,"18":1,"19":2,"20":2,"21":1,"22":1,"23":1,"24":1,"25":1},"f":{"0":3,"1":4},"b":{"0":[1,1],"1":[1,2],"2":[1,1]},"_coverageSchema":"1a1c01bbd47fc00a2c39e90264f33305004495a9","hash":"d4a8e12c836d60fcd929fb2a109e341fe2389dd5"}
,"D:\\Nydloyd\\Projects\\event-organizing-application\\event-organizing-server\\src\\middleware\\authMiddleware.js": {"path":"D:\\Nydloyd\\Projects\\event-organizing-application\\event-organizing-server\\src\\middleware\\authMiddleware.js","statementMap":{"0":{"start":{"line":1,"column":12},"end":{"line":1,"column":35}},"1":{"start":{"line":2,"column":15},"end":{"line":2,"column":32}},"2":{"start":{"line":3,"column":0},"end":{"line":3,"column":16}},"3":{"start":{"line":5,"column":23},"end":{"line":28,"column":1}},"4":{"start":{"line":6,"column":2},"end":{"line":27,"column":3}},"5":{"start":{"line":7,"column":23},"end":{"line":7,"column":48}},"6":{"start":{"line":9,"column":4},"end":{"line":13,"column":5}},"7":{"start":{"line":10,"column":6},"end":{"line":12,"column":9}},"8":{"start":{"line":15,"column":18},"end":{"line":15,"column":42}},"9":{"start":{"line":18,"column":20},"end":{"line":18,"column":61}},"10":{"start":{"line":20,"column":4},"end":{"line":20,"column":23}},"11":{"start":{"line":22,"column":4},"end":{"line":22,"column":11}},"12":{"start":{"line":24,"column":4},"end":{"line":26,"column":7}},"13":{"start":{"line":30,"column":0},"end":{"line":30,"column":32}}},"fnMap":{"0":{"name":"(anonymous_0)","decl":{"start":{"line":5,"column":23},"end":{"line":5,"column":24}},"loc":{"start":{"line":5,"column":43},"end":{"line":28,"column":1}},"line":5}},"branchMap":{"0":{"loc":{"start":{"line":9,"column":4},"end":{"line":13,"column":5}},"type":"if","locations":[{"start":{"line":9,"column":4},"end":{"line":13,"column":5}},{"start":{},"end":{}}],"line":9}},"s":{"0":1,"1":1,"2":1,"3":1,"4":6,"5":6,"6":6,"7":2,"8":4,"9":4,"10":2,"11":2,"12":2,"13":1},"f":{"0":6},"b":{"0":[2,4]},"_coverageSchema":"1a1c01bbd47fc00a2c39e90264f33305004495a9","hash":"1122fa4d417ce40aa6ad4f349f72835e2e2a3df3"}
,"D:\\Nydloyd\\Projects\\event-organizing-application\\event-organizing-server\\src\\routes\\eventRoutes.js": {"path":"D:\\Nydloyd\\Projects\\event-organizing-application\\event-organizing-server\\src\\routes\\eventRoutes.js","statementMap":{"0":{"start":{"line":1,"column":16},"end":{"line":1,"column":34}},"1":{"start":{"line":2,"column":23},"end":{"line":2,"column":62}},"2":{"start":{"line":3,"column":15},"end":{"line":3,"column":31}},"3":{"start":{"line":4,"column":24},"end":{"line":4,"column":64}},"4":{"start":{"line":6,"column":0},"end":{"line":6,"column":73}},"5":{"start":{"line":7,"column":0},"end":{"line":7,"column":59}},"6":{"start":{"line":8,"column":0},"end":{"line":8,"column":67}},"7":{"start":{"line":9,"column":0},"end":{"line":9,"column":64}},"8":{"start":{"line":10,"column":0},"end":{"line":10,"column":67}},"9":{"start":{"line":12,"column":0},"end":{"line":12,"column":24}}},"fnMap":{},"branchMap":{},"s":{"0":0,"1":0,"2":0,"3":0,"4":0,"5":0,"6":0,"7":0,"8":0,"9":0},"f":{},"b":{}}
,"D:\\Nydloyd\\Projects\\event-organizing-application\\event-organizing-server\\src\\routes\\guestRoutes.js": {"path":"D:\\Nydloyd\\Projects\\event-organizing-application\\event-organizing-server\\src\\routes\\guestRoutes.js","statementMap":{"0":{"start":{"line":1,"column":16},"end":{"line":1,"column":34}},"1":{"start":{"line":2,"column":23},"end":{"line":2,"column":62}},"2":{"start":{"line":3,"column":15},"end":{"line":3,"column":31}},"3":{"start":{"line":4,"column":24},"end":{"line":4,"column":64}},"4":{"start":{"line":6,"column":0},"end":{"line":6,"column":70}},"5":{"start":{"line":7,"column":0},"end":{"line":7,"column":74}},"6":{"start":{"line":8,"column":0},"end":{"line":8,"column":64}},"7":{"start":{"line":9,"column":0},"end":{"line":9,"column":67}},"8":{"start":{"line":11,"column":0},"end":{"line":11,"column":24}}},"fnMap":{},"branchMap":{},"s":{"0":0,"1":0,"2":0,"3":0,"4":0,"5":0,"6":0,"7":0,"8":0},"f":{},"b":{}}
,"D:\\Nydloyd\\Projects\\event-organizing-application\\event-organizing-server\\src\\routes\\hostRoutes.js": {"path":"D:\\Nydloyd\\Projects\\event-organizing-application\\event-organizing-server\\src\\routes\\hostRoutes.js","statementMap":{"0":{"start":{"line":1,"column":16},"end":{"line":1,"column":34}},"1":{"start":{"line":2,"column":23},"end":{"line":2,"column":62}},"2":{"start":{"line":4,"column":15},"end":{"line":4,"column":31}},"3":{"start":{"line":5,"column":23},"end":{"line":5,"column":62}},"4":{"start":{"line":7,"column":0},"end":{"line":7,"column":67}},"5":{"start":{"line":8,"column":0},"end":{"line":8,"column":57}},"6":{"start":{"line":10,"column":0},"end":{"line":10,"column":24}}},"fnMap":{},"branchMap":{},"s":{"0":0,"1":0,"2":0,"3":0,"4":0,"5":0,"6":0},"f":{},"b":{}}
,"D:\\Nydloyd\\Projects\\event-organizing-application\\event-organizing-server\\src\\routes\\taskRoutes.js": {"path":"D:\\Nydloyd\\Projects\\event-organizing-application\\event-organizing-server\\src\\routes\\taskRoutes.js","statementMap":{"0":{"start":{"line":1,"column":16},"end":{"line":1,"column":34}},"1":{"start":{"line":2,"column":23},"end":{"line":2,"column":62}},"2":{"start":{"line":4,"column":15},"end":{"line":4,"column":31}},"3":{"start":{"line":5,"column":23},"end":{"line":5,"column":62}},"4":{"start":{"line":7,"column":0},"end":{"line":7,"column":70}},"5":{"start":{"line":8,"column":0},"end":{"line":8,"column":66}},"6":{"start":{"line":9,"column":0},"end":{"line":13,"column":2}},"7":{"start":{"line":14,"column":0},"end":{"line":14,"column":73}},"8":{"start":{"line":15,"column":0},"end":{"line":15,"column":65}},"9":{"start":{"line":17,"column":0},"end":{"line":17,"column":24}}},"fnMap":{},"branchMap":{},"s":{"0":0,"1":0,"2":0,"3":0,"4":0,"5":0,"6":0,"7":0,"8":0,"9":0},"f":{},"b":{}}
,"D:\\Nydloyd\\Projects\\event-organizing-application\\event-organizing-server\\src\\routes\\userRoutes.js": {"path":"D:\\Nydloyd\\Projects\\event-organizing-application\\event-organizing-server\\src\\routes\\userRoutes.js","statementMap":{"0":{"start":{"line":1,"column":16},"end":{"line":1,"column":34}},"1":{"start":{"line":2,"column":23},"end":{"line":2,"column":62}},"2":{"start":{"line":4,"column":15},"end":{"line":4,"column":31}},"3":{"start":{"line":5,"column":23},"end":{"line":5,"column":62}},"4":{"start":{"line":7,"column":0},"end":{"line":7,"column":54}},"5":{"start":{"line":8,"column":0},"end":{"line":8,"column":48}},"6":{"start":{"line":11,"column":0},"end":{"line":11,"column":24}}},"fnMap":{},"branchMap":{},"s":{"0":0,"1":0,"2":0,"3":0,"4":0,"5":0,"6":0},"f":{},"b":{}}
}
