TN:
SF:src\prisma.js
FNF:0
FNH:0
DA:1,0
DA:3,0
DA:5,0
LF:3
LH:0
BRF:0
BRH:0
end_of_record
TN:
SF:src\controller\eventController.js
FN:3,(anonymous_0)
FN:28,(anonymous_1)
FN:39,(anonymous_2)
FN:55,(anonymous_3)
FN:79,(anonymous_4)
FNF:5
FNH:5
FNDA:2,(anonymous_0)
FNDA:2,(anonymous_1)
FNDA:2,(anonymous_2)
FNDA:2,(anonymous_3)
FNDA:2,(anonymous_4)
DA:1,1
DA:3,1
DA:4,2
DA:5,2
DA:6,2
DA:7,2
DA:15,1
DA:17,1
DA:22,1
DA:28,1
DA:29,2
DA:30,2
DA:31,1
DA:33,1
DA:39,1
DA:40,2
DA:41,2
DA:42,2
DA:47,1
DA:49,1
DA:55,1
DA:56,2
DA:57,2
DA:58,2
DA:59,2
DA:68,1
DA:73,1
DA:79,1
DA:80,2
DA:81,2
DA:82,2
DA:85,1
DA:89,1
DA:95,1
LF:34
LH:34
BRF:0
BRH:0
end_of_record
TN:
SF:src\controller\guestController.js
FN:3,(anonymous_0)
FN:27,(anonymous_1)
FN:47,(anonymous_2)
FN:66,(anonymous_3)
FNF:4
FNH:4
FNDA:2,(anonymous_0)
FNDA:3,(anonymous_1)
FNDA:2,(anonymous_2)
FNDA:2,(anonymous_3)
DA:1,1
DA:3,1
DA:4,2
DA:5,2
DA:6,2
DA:8,2
DA:16,1
DA:21,1
DA:27,1
DA:28,3
DA:29,3
DA:30,3
DA:36,2
DA:41,1
DA:47,1
DA:48,2
DA:49,2
DA:50,2
DA:51,2
DA:55,1
DA:60,1
DA:66,1
DA:67,2
DA:68,2
DA:69,2
DA:72,1
DA:76,1
DA:82,1
LF:28
LH:28
BRF:0
BRH:0
end_of_record
TN:
SF:src\controller\hostController.js
FN:3,(anonymous_0)
FN:39,(anonymous_1)
FNF:2
FNH:2
FNDA:3,(anonymous_0)
FNDA:3,(anonymous_1)
DA:1,1
DA:3,1
DA:4,3
DA:5,3
DA:7,3
DA:13,2
DA:14,1
DA:19,1
DA:27,1
DA:32,1
DA:39,1
DA:40,3
DA:41,3
DA:42,2
DA:47,1
DA:54,1
LF:16
LH:16
BRDA:13,0,0,1
BRDA:13,0,1,1
BRF:2
BRH:2
end_of_record
TN:
SF:src\controller\manageEventController.js
FNF:0
FNH:0
DA:1,0
LF:1
LH:0
BRF:0
BRH:0
end_of_record
TN:
SF:src\controller\taskController.js
FN:3,(anonymous_0)
FN:27,(anonymous_1)
FN:43,(anonymous_2)
FN:65,(anonymous_3)
FN:89,(anonymous_4)
FNF:5
FNH:5
FNDA:2,(anonymous_0)
FNDA:3,(anonymous_1)
FNDA:2,(anonymous_2)
FNDA:2,(anonymous_3)
FNDA:2,(anonymous_4)
DA:1,1
DA:3,1
DA:4,2
DA:5,2
DA:7,2
DA:16,1
DA:21,1
DA:27,1
DA:28,3
DA:29,3
DA:30,3
DA:35,2
DA:37,1
DA:43,1
DA:44,2
DA:45,2
DA:46,2
DA:47,2
DA:48,2
DA:54,1
DA:59,1
DA:65,1
DA:66,2
DA:67,2
DA:68,2
DA:69,2
DA:78,1
DA:83,1
DA:89,1
DA:90,2
DA:91,2
DA:93,2
DA:96,1
DA:100,1
DA:106,1
LF:35
LH:35
BRF:0
BRH:0
end_of_record
TN:
SF:src\controller\userController.js
FN:5,(anonymous_0)
FN:42,(anonymous_1)
FNF:2
FNH:2
FNDA:3,(anonymous_0)
FNDA:4,(anonymous_1)
DA:1,1
DA:2,1
DA:3,1
DA:5,1
DA:6,3
DA:7,3
DA:9,3
DA:13,2
DA:14,1
DA:19,1
DA:21,1
DA:29,1
DA:34,1
DA:42,1
DA:43,4
DA:44,4
DA:46,4
DA:50,3
DA:51,1
DA:56,2
DA:58,2
DA:59,1
DA:64,1
DA:75,1
DA:82,1
DA:88,1
LF:26
LH:26
BRDA:13,0,0,1
BRDA:13,0,1,1
BRDA:50,1,0,1
BRDA:50,1,1,2
BRDA:58,2,0,1
BRDA:58,2,1,1
BRF:6
BRH:6
end_of_record
TN:
SF:src\middleware\authMiddleware.js
FN:5,(anonymous_0)
FNF:1
FNH:1
FNDA:6,(anonymous_0)
DA:1,1
DA:2,1
DA:3,1
DA:5,1
DA:6,6
DA:7,6
DA:9,6
DA:10,2
DA:15,4
DA:18,4
DA:20,2
DA:22,2
DA:24,2
DA:30,1
LF:14
LH:14
BRDA:9,0,0,2
BRDA:9,0,1,4
BRF:2
BRH:2
end_of_record
TN:
SF:src\routes\eventRoutes.js
FNF:0
FNH:0
DA:1,0
DA:2,0
DA:3,0
DA:4,0
DA:6,0
DA:7,0
DA:8,0
DA:9,0
DA:10,0
DA:12,0
LF:10
LH:0
BRF:0
BRH:0
end_of_record
TN:
SF:src\routes\guestRoutes.js
FNF:0
FNH:0
DA:1,0
DA:2,0
DA:3,0
DA:4,0
DA:6,0
DA:7,0
DA:8,0
DA:9,0
DA:11,0
LF:9
LH:0
BRF:0
BRH:0
end_of_record
TN:
SF:src\routes\hostRoutes.js
FNF:0
FNH:0
DA:1,0
DA:2,0
DA:4,0
DA:5,0
DA:7,0
DA:8,0
DA:10,0
LF:7
LH:0
BRF:0
BRH:0
end_of_record
TN:
SF:src\routes\taskRoutes.js
FNF:0
FNH:0
DA:1,0
DA:2,0
DA:4,0
DA:5,0
DA:7,0
DA:8,0
DA:9,0
DA:14,0
DA:15,0
DA:17,0
LF:10
LH:0
BRF:0
BRH:0
end_of_record
TN:
SF:src\routes\userRoutes.js
FNF:0
FNH:0
DA:1,0
DA:2,0
DA:4,0
DA:5,0
DA:7,0
DA:8,0
DA:11,0
LF:7
LH:0
BRF:0
BRH:0
end_of_record
